--- Headless Training Worker ---
Loading config: runs/bg_sweep_20260223_232646.pkl
Found 2 jobs to run.
Output directory: runs

[Job 1/2] simple_cnn | image_only | pseudo-labeling
[simple_cnn | image_only | pseudo-labeling] Starting Pseudo-Labeling job: simple_cnn | image_only | pseudo-labeling
[simple_cnn | image_only | pseudo-labeling] 
--- PL Iteration 1/3 ---
[simple_cnn | image_only | pseudo-labeling] Train size: 36171 | Unlabeled pool: 1118797
[simple_cnn | image_only | pseudo-labeling] [ep 1/5] loss=3.6211 val_acc=0.956 val_auc=0.984
[simple_cnn | image_only | pseudo-labeling] [ep 2/5] loss=0.0756 val_acc=0.961 val_auc=0.995
[simple_cnn | image_only | pseudo-labeling] [ep 3/5] loss=0.0526 val_acc=0.988 val_auc=0.999
[simple_cnn | image_only | pseudo-labeling] [ep 4/5] loss=0.0481 val_acc=0.986 val_auc=0.998
[simple_cnn | image_only | pseudo-labeling] [ep 5/5] loss=0.0426 val_acc=0.990 val_auc=0.999
[simple_cnn | image_only | pseudo-labeling] Done in 81.5s.
[simple_cnn | image_only | pseudo-labeling] Scoring unlabeled pool (Bulk IO)...
[simple_cnn | image_only | pseudo-labeling] Found 809490 new labels.
[simple_cnn | image_only | pseudo-labeling] 
--- PL Iteration 2/3 ---
[simple_cnn | image_only | pseudo-labeling] Train size: 845661 | Unlabeled pool: 309307
