--- Headless Training Worker ---
Loading config: runs/bg_sweep_20260223_233248.pkl
Found 1 jobs to run.
Output directory: runs

[Job 1/1] simple_cnn | image_only | self-supervised
[simple_cnn | image_only | self-supervised] Starting standard job: simple_cnn | image_only | self-supervised
[simple_cnn | image_only | self-supervised] [ep 1/100] Train SSL Loss=5.3676 Val SSL Loss=5.0986
[simple_cnn | image_only | self-supervised] [ep 2/100] Train SSL Loss=5.1311 Val SSL Loss=5.0737
[simple_cnn | image_only | self-supervised] [ep 3/100] Train SSL Loss=5.0990 Val SSL Loss=5.0474
[simple_cnn | image_only | self-supervised] [ep 4/100] Train SSL Loss=5.0796 Val SSL Loss=5.0453
[simple_cnn | image_only | self-supervised] [ep 5/100] Train SSL Loss=5.0683 Val SSL Loss=5.0432
[simple_cnn | image_only | self-supervised] [ep 6/100] Train SSL Loss=5.0612 Val SSL Loss=5.0366
[simple_cnn | image_only | self-supervised] [ep 7/100] Train SSL Loss=5.0644 Val SSL Loss=5.0423
[simple_cnn | image_only | self-supervised] [ep 8/100] Train SSL Loss=5.0857 Val SSL Loss=5.0408
[simple_cnn | image_only | self-supervised] [ep 9/100] Train SSL Loss=5.0616 Val SSL Loss=5.0337
[simple_cnn | image_only | self-supervised] [ep 10/100] Train SSL Loss=5.0704 Val SSL Loss=5.0391
[simple_cnn | image_only | self-supervised] [ep 11/100] Train SSL Loss=5.0606 Val SSL Loss=5.0354
[simple_cnn | image_only | self-supervised] [ep 12/100] Train SSL Loss=5.0617 Val SSL Loss=5.0319
[simple_cnn | image_only | self-supervised] [ep 13/100] Train SSL Loss=5.0586 Val SSL Loss=5.0330
[simple_cnn | image_only | self-supervised] [ep 14/100] Train SSL Loss=5.0706 Val SSL Loss=5.0352
[simple_cnn | image_only | self-supervised] [ep 15/100] Train SSL Loss=5.0671 Val SSL Loss=5.0323
[simple_cnn | image_only | self-supervised] [ep 16/100] Train SSL Loss=5.0745 Val SSL Loss=5.0400
[simple_cnn | image_only | self-supervised] [ep 17/100] Train SSL Loss=5.0619 Val SSL Loss=5.0653
[simple_cnn | image_only | self-supervised] [ep 18/100] Train SSL Loss=5.0648 Val SSL Loss=5.0333
[simple_cnn | image_only | self-supervised] [ep 19/100] Train SSL Loss=5.0588 Val SSL Loss=5.0322
[simple_cnn | image_only | self-supervised] [ep 20/100] Train SSL Loss=5.0586 Val SSL Loss=5.0631
[simple_cnn | image_only | self-supervised] [ep 21/100] Train SSL Loss=5.0593 Val SSL Loss=5.0328
[simple_cnn | image_only | self-supervised] [ep 22/100] Train SSL Loss=5.0570 Val SSL Loss=5.0342
[simple_cnn | image_only | self-supervised] [ep 23/100] Train SSL Loss=5.0560 Val SSL Loss=5.0344
[simple_cnn | image_only | self-supervised] [ep 24/100] Train SSL Loss=5.0587 Val SSL Loss=5.0342
[simple_cnn | image_only | self-supervised] [ep 25/100] Train SSL Loss=5.0571 Val SSL Loss=5.0332
[simple_cnn | image_only | self-supervised] [ep 26/100] Train SSL Loss=5.0577 Val SSL Loss=5.0388
[simple_cnn | image_only | self-supervised] [ep 27/100] Train SSL Loss=5.0664 Val SSL Loss=5.0319
[simple_cnn | image_only | self-supervised] [ep 28/100] Train SSL Loss=5.0563 Val SSL Loss=5.0325
[simple_cnn | image_only | self-supervised] [ep 29/100] Train SSL Loss=5.1543 Val SSL Loss=5.0950
[simple_cnn | image_only | self-supervised] [ep 30/100] Train SSL Loss=5.0800 Val SSL Loss=5.0375
[simple_cnn | image_only | self-supervised] [ep 31/100] Train SSL Loss=5.0586 Val SSL Loss=5.0320
[simple_cnn | image_only | self-supervised] [ep 32/100] Train SSL Loss=5.0717 Val SSL Loss=5.0383
[simple_cnn | image_only | self-supervised] [ep 33/100] Train SSL Loss=5.0593 Val SSL Loss=5.0351
[simple_cnn | image_only | self-supervised] [ep 34/100] Train SSL Loss=5.0577 Val SSL Loss=5.0324
[simple_cnn | image_only | self-supervised] [ep 35/100] Train SSL Loss=5.0585 Val SSL Loss=5.0309
[simple_cnn | image_only | self-supervised] [ep 36/100] Train SSL Loss=5.0573 Val SSL Loss=5.0308
[simple_cnn | image_only | self-supervised] [ep 37/100] Train SSL Loss=5.0580 Val SSL Loss=5.0313
[simple_cnn | image_only | self-supervised] [ep 38/100] Train SSL Loss=5.0562 Val SSL Loss=5.0325
[simple_cnn | image_only | self-supervised] [ep 39/100] Train SSL Loss=5.0578 Val SSL Loss=5.0315
[simple_cnn | image_only | self-supervised] [ep 40/100] Train SSL Loss=5.0563 Val SSL Loss=5.0329
[simple_cnn | image_only | self-supervised] [ep 41/100] Train SSL Loss=5.0555 Val SSL Loss=5.0331
[simple_cnn | image_only | self-supervised] [ep 42/100] Train SSL Loss=5.0560 Val SSL Loss=5.0314
[simple_cnn | image_only | self-supervised] [ep 43/100] Train SSL Loss=5.0570 Val SSL Loss=5.0349
[simple_cnn | image_only | self-supervised] [ep 44/100] Train SSL Loss=5.0567 Val SSL Loss=5.0305
[simple_cnn | image_only | self-supervised] [ep 45/100] Train SSL Loss=5.0566 Val SSL Loss=5.0351
[simple_cnn | image_only | self-supervised] [ep 46/100] Train SSL Loss=5.0614 Val SSL Loss=5.0341
[simple_cnn | image_only | self-supervised] [ep 47/100] Train SSL Loss=5.0563 Val SSL Loss=5.0333
[simple_cnn | image_only | self-supervised] [ep 48/100] Train SSL Loss=5.0561 Val SSL Loss=5.0311
[simple_cnn | image_only | self-supervised] [ep 49/100] Train SSL Loss=5.0570 Val SSL Loss=5.0363
[simple_cnn | image_only | self-supervised] [ep 50/100] Train SSL Loss=5.0585 Val SSL Loss=5.0325
[simple_cnn | image_only | self-supervised] [ep 51/100] Train SSL Loss=5.0573 Val SSL Loss=5.0320
[simple_cnn | image_only | self-supervised] [ep 52/100] Train SSL Loss=5.0590 Val SSL Loss=5.0342
[simple_cnn | image_only | self-supervised] [ep 53/100] Train SSL Loss=5.0577 Val SSL Loss=5.0323
[simple_cnn | image_only | self-supervised] [ep 54/100] Train SSL Loss=5.0556 Val SSL Loss=5.0309
[simple_cnn | image_only | self-supervised] [ep 55/100] Train SSL Loss=5.0559 Val SSL Loss=5.0311
[simple_cnn | image_only | self-supervised] [ep 56/100] Train SSL Loss=5.0560 Val SSL Loss=5.0310
[simple_cnn | image_only | self-supervised] [ep 57/100] Train SSL Loss=5.0562 Val SSL Loss=5.0307
[simple_cnn | image_only | self-supervised] [ep 58/100] Train SSL Loss=5.0562 Val SSL Loss=5.0317
[simple_cnn | image_only | self-supervised] [ep 59/100] Train SSL Loss=5.0562 Val SSL Loss=5.0321
[simple_cnn | image_only | self-supervised] [ep 60/100] Train SSL Loss=5.0568 Val SSL Loss=5.0324
[simple_cnn | image_only | self-supervised] [ep 61/100] Train SSL Loss=5.0566 Val SSL Loss=5.0364
[simple_cnn | image_only | self-supervised] [ep 62/100] Train SSL Loss=5.0575 Val SSL Loss=5.0329
[simple_cnn | image_only | self-supervised] [ep 63/100] Train SSL Loss=5.0570 Val SSL Loss=5.0317
[simple_cnn | image_only | self-supervised] [ep 64/100] Train SSL Loss=5.0571 Val SSL Loss=5.0317
[simple_cnn | image_only | self-supervised] [ep 65/100] Train SSL Loss=5.0572 Val SSL Loss=5.0327
[simple_cnn | image_only | self-supervised] [ep 66/100] Train SSL Loss=5.0570 Val SSL Loss=5.0378
[simple_cnn | image_only | self-supervised] [ep 67/100] Train SSL Loss=5.0553 Val SSL Loss=5.0338
[simple_cnn | image_only | self-supervised] [ep 68/100] Train SSL Loss=5.0567 Val SSL Loss=5.0317
[simple_cnn | image_only | self-supervised] [ep 69/100] Train SSL Loss=5.0566 Val SSL Loss=5.0307
[simple_cnn | image_only | self-supervised] [ep 70/100] Train SSL Loss=5.0569 Val SSL Loss=5.0307
[simple_cnn | image_only | self-supervised] [ep 71/100] Train SSL Loss=5.0573 Val SSL Loss=5.0332
[simple_cnn | image_only | self-supervised] [ep 72/100] Train SSL Loss=5.0563 Val SSL Loss=5.0339
[simple_cnn | image_only | self-supervised] [ep 73/100] Train SSL Loss=5.0569 Val SSL Loss=5.0409
[simple_cnn | image_only | self-supervised] [ep 74/100] Train SSL Loss=5.0572 Val SSL Loss=5.0341
[simple_cnn | image_only | self-supervised] [ep 75/100] Train SSL Loss=5.0557 Val SSL Loss=5.0333
[simple_cnn | image_only | self-supervised] [ep 76/100] Train SSL Loss=5.0561 Val SSL Loss=5.0313
[simple_cnn | image_only | self-supervised] [ep 77/100] Train SSL Loss=5.0569 Val SSL Loss=5.0385
[simple_cnn | image_only | self-supervised] [ep 78/100] Train SSL Loss=5.0560 Val SSL Loss=5.0329
[simple_cnn | image_only | self-supervised] [ep 79/100] Train SSL Loss=5.0568 Val SSL Loss=5.0313
[simple_cnn | image_only | self-supervised] [ep 80/100] Train SSL Loss=5.0572 Val SSL Loss=5.0314
[simple_cnn | image_only | self-supervised] [ep 81/100] Train SSL Loss=5.0558 Val SSL Loss=5.0318
[simple_cnn | image_only | self-supervised] [ep 82/100] Train SSL Loss=5.0571 Val SSL Loss=5.0326
[simple_cnn | image_only | self-supervised] [ep 83/100] Train SSL Loss=5.0576 Val SSL Loss=5.0365
[simple_cnn | image_only | self-supervised] [ep 84/100] Train SSL Loss=5.0562 Val SSL Loss=5.0330
[simple_cnn | image_only | self-supervised] [ep 85/100] Train SSL Loss=5.0575 Val SSL Loss=5.0391
[simple_cnn | image_only | self-supervised] [ep 86/100] Train SSL Loss=5.0558 Val SSL Loss=5.0330
[simple_cnn | image_only | self-supervised] [ep 87/100] Train SSL Loss=5.0562 Val SSL Loss=5.0317
[simple_cnn | image_only | self-supervised] [ep 88/100] Train SSL Loss=5.0565 Val SSL Loss=5.0322
[simple_cnn | image_only | self-supervised] [ep 89/100] Train SSL Loss=5.0558 Val SSL Loss=5.0318
[simple_cnn | image_only | self-supervised] [ep 90/100] Train SSL Loss=5.0555 Val SSL Loss=5.0311
[simple_cnn | image_only | self-supervised] [ep 91/100] Train SSL Loss=5.0563 Val SSL Loss=5.0316
[simple_cnn | image_only | self-supervised] [ep 92/100] Train SSL Loss=5.0562 Val SSL Loss=5.0359
[simple_cnn | image_only | self-supervised] [ep 93/100] Train SSL Loss=5.0576 Val SSL Loss=5.0325
[simple_cnn | image_only | self-supervised] [ep 94/100] Train SSL Loss=5.0565 Val SSL Loss=5.0346
[simple_cnn | image_only | self-supervised] [ep 95/100] Train SSL Loss=5.0573 Val SSL Loss=5.0350
[simple_cnn | image_only | self-supervised] [ep 96/100] Train SSL Loss=5.0549 Val SSL Loss=5.0336
[simple_cnn | image_only | self-supervised] [ep 97/100] Train SSL Loss=5.0554 Val SSL Loss=5.0315
[simple_cnn | image_only | self-supervised] [ep 98/100] Train SSL Loss=5.0554 Val SSL Loss=5.0377
[simple_cnn | image_only | self-supervised] [ep 99/100] Train SSL Loss=5.0577 Val SSL Loss=5.0377
[simple_cnn | image_only | self-supervised] [ep 100/100] Train SSL Loss=5.0749 Val SSL Loss=5.0323
[simple_cnn | image_only | self-supervised] Done in 2714.4s.
[Job 1] Finished Successfully.
